 +-----------------------------------------------------------------+
 +                         Program ANPHON                          +
 +                             Ver.  1.0.2                         +
 +-----------------------------------------------------------------+

 Job started at Fri Sep  3 09:30:35 2021

 The number of MPI processes: 1
 The number of OpenMP threads: 4


 Input variables:
 -----------------------------------------------------------------
 General:
  PREFIX = ge_10x10x10
  MODE = PHONONS
  FCSXML = Ge333-cubic.xml

  NKD = 1; KD =   Ge
  MASS =      72.63
  NSYM = 0; TOLERANCE = 1e-06; PRINTSYM = 0

  NONANALYTIC = 0

  TMIN = 0; TMAX = 1000; DT = 10
  EMIN = 0; EMAX = 1000; DELTA_E = 10

  ISMEAR = -1; EPSILON = 10

  CLASSICAL = 0
  BCONNECT = 0


 Kpoint:
  KPMODE (1st entry for &kpoint) = 2


 Analysis:
  PRINTVEL = 1
  PRINTVEC = 0
  PRINTXSF = 0

  PDOS = 0; TDOS = 0
  PRINTMSD = 0
  SPS = 0

  GRUNEISEN = 0
  NEWFCS = 0


 -----------------------------------------------------------------

                      MODE = phonons                         
                                                             
      Phonon calculation within harmonic approximation       
      Harmonic force constants will be used.                 

 -----------------------------------------------------------------

 Crystal structure
 =================

 Lattice Vectors:

 * Supercell (from Ge333-cubic.xml )

    3.201235e+01   0.000000e+00   0.000000e+00 : a1
    0.000000e+00   3.201235e+01   0.000000e+00 : a2
    0.000000e+00   0.000000e+00   3.201235e+01 : a3

    1.962738e-01   0.000000e+00   0.000000e+00 : b1
    0.000000e+00   1.962738e-01   0.000000e+00 : b2
    0.000000e+00   0.000000e+00   1.962738e-01 : b3

 * Primitive cell 

    0.000000e+00   5.335392e+00   5.335392e+00 : a1
    5.335392e+00   0.000000e+00   5.335392e+00 : a2
    5.335392e+00   5.335392e+00   0.000000e+00 : a3

   -5.888213e-01   5.888213e-01   5.888213e-01 : b1
    5.888213e-01  -5.888213e-01   5.888213e-01 : b2
    5.888213e-01   5.888213e-01  -5.888213e-01 : b3


  Volume of the primitive cell : 3.037589e+02 (a.u.)^3

  Number of atoms in the supercell     : 216
  Number of atoms in the primitive cell: 2

  Atomic positions in the primitive cell (fractional):
   1:   5.000000e-01   5.000000e-01  -5.000000e-01  Ge
   2:   7.500000e-01   7.500000e-01  -2.500000e-01  Ge

  Mass of atomic species (u):
  Ge:   72.630000


 Symmetry
 ========

  NSYM = 0 is given: Trying to find symmetry operations.
  Number of symmetry operations : 48

 k points
 ========

  KPMODE = 2: Uniform grid
  Gamma-centered uniform grid with the following mesh density: 
  nk1:  10
  nk2:  10
  nk3:  10

  Number of k points : 1000
  Number of irreducible k points : 47

  List of irreducible k points (reciprocal coordinate, weight) : 
      1:   0.00000e+00   0.00000e+00   0.00000e+00   0.001000
      2:   0.00000e+00   0.00000e+00   1.00000e-01   0.008000
      3:   0.00000e+00   0.00000e+00   2.00000e-01   0.008000
      4:   0.00000e+00   0.00000e+00   3.00000e-01   0.008000
      5:   0.00000e+00   0.00000e+00   4.00000e-01   0.008000
      6:   0.00000e+00   0.00000e+00  -5.00000e-01   0.004000
      7:   0.00000e+00   1.00000e-01   1.00000e-01   0.006000
      8:   0.00000e+00   1.00000e-01   2.00000e-01   0.024000
      9:   0.00000e+00   1.00000e-01   3.00000e-01   0.024000
     10:   0.00000e+00   1.00000e-01   4.00000e-01   0.024000
     11:   0.00000e+00   1.00000e-01  -5.00000e-01   0.024000
     12:   0.00000e+00   1.00000e-01  -4.00000e-01   0.024000
     13:   0.00000e+00   1.00000e-01  -3.00000e-01   0.024000
     14:   0.00000e+00   1.00000e-01  -2.00000e-01   0.024000
     15:   0.00000e+00   1.00000e-01  -1.00000e-01   0.012000
     16:   0.00000e+00   2.00000e-01   2.00000e-01   0.006000
     17:   0.00000e+00   2.00000e-01   3.00000e-01   0.024000
     18:   0.00000e+00   2.00000e-01   4.00000e-01   0.024000
     19:   0.00000e+00   2.00000e-01  -5.00000e-01   0.024000
     20:   0.00000e+00   2.00000e-01  -4.00000e-01   0.024000
     21:   0.00000e+00   2.00000e-01  -3.00000e-01   0.024000
     22:   0.00000e+00   2.00000e-01  -2.00000e-01   0.012000
     23:   0.00000e+00   3.00000e-01   3.00000e-01   0.006000
     24:   0.00000e+00   3.00000e-01   4.00000e-01   0.024000
     25:   0.00000e+00   3.00000e-01  -5.00000e-01   0.024000
     26:   0.00000e+00   3.00000e-01  -4.00000e-01   0.024000
     27:   0.00000e+00   3.00000e-01  -3.00000e-01   0.012000
     28:   0.00000e+00   4.00000e-01   4.00000e-01   0.006000
     29:   0.00000e+00   4.00000e-01  -5.00000e-01   0.024000
     30:   0.00000e+00   4.00000e-01  -4.00000e-01   0.012000
     31:   0.00000e+00  -5.00000e-01  -5.00000e-01   0.003000
     32:   1.00000e-01   2.00000e-01   3.00000e-01   0.024000
     33:   1.00000e-01   2.00000e-01   4.00000e-01   0.048000
     34:   1.00000e-01   2.00000e-01  -5.00000e-01   0.048000
     35:   1.00000e-01   2.00000e-01  -4.00000e-01   0.024000
     36:   1.00000e-01   3.00000e-01   4.00000e-01   0.024000
     37:   1.00000e-01   3.00000e-01  -5.00000e-01   0.048000
     38:   1.00000e-01   3.00000e-01  -4.00000e-01   0.048000
     39:   1.00000e-01   3.00000e-01  -3.00000e-01   0.048000
     40:   1.00000e-01   3.00000e-01  -2.00000e-01   0.024000
     41:   1.00000e-01   4.00000e-01  -5.00000e-01   0.024000
     42:   1.00000e-01   4.00000e-01  -4.00000e-01   0.048000
     43:   1.00000e-01   4.00000e-01  -3.00000e-01   0.024000
     44:   1.00000e-01  -5.00000e-01  -4.00000e-01   0.012000
     45:   2.00000e-01   4.00000e-01  -4.00000e-01   0.024000
     46:   2.00000e-01   4.00000e-01  -3.00000e-01   0.024000
     47:   2.00000e-01  -5.00000e-01  -3.00000e-01   0.012000

 Force constant
 ==============

  Reading force constants from the XML file ... done !
  Number of non-zero IFCs for 2 order: 4314

  Maximum deviation from the translational invariance: 
   Order 2 : 6.420645e-16


 Dynamical matrix
 ================

  NONANALYTIC = 0 : No non-analytic correction. 


 -----------------------------------------------------------------

 Now, move on to phonon calculations.

 Diagonalizing dynamical matrices for all k points ... done!
 Calculating group velocities of phonons on uniform grid ... done!

 ISMEAR = -1: Tetrahedron method will be used.

 Calculating phonon DOS ... done.

 -----------------------------------------------------------------

 Phonon frequencies below:

 # Irred. k point    1 : (  0.0000,  0.0000,  0.0000)
   Mode, Frequency 
      1      0.0000 cm^-1  (      0.0000 THz )
      2      0.0000 cm^-1  (      0.0000 THz )
      3      0.0000 cm^-1  (      0.0000 THz )
      4    286.0605 cm^-1  (      8.5759 THz )
      5    286.0605 cm^-1  (      8.5759 THz )
      6    286.0605 cm^-1  (      8.5759 THz )

 # Irred. k point    2 : (  0.0000,  0.0000,  0.1000)
   Mode, Frequency 
      1     27.2966 cm^-1  (      0.8183 THz )
      2     27.2966 cm^-1  (      0.8183 THz )
      3     54.3612 cm^-1  (      1.6297 THz )
      4    284.3217 cm^-1  (      8.5237 THz )
      5    286.2981 cm^-1  (      8.5830 THz )
      6    286.2981 cm^-1  (      8.5830 THz )

 # Irred. k point    3 : (  0.0000,  0.0000,  0.2000)
   Mode, Frequency 
      1     45.4330 cm^-1  (      1.3620 THz )
      2     45.4330 cm^-1  (      1.3620 THz )
      3    107.3669 cm^-1  (      3.2188 THz )
      4    279.8221 cm^-1  (      8.3889 THz )
      5    284.8603 cm^-1  (      8.5399 THz )
      6    284.8603 cm^-1  (      8.5399 THz )

 # Irred. k point    4 : (  0.0000,  0.0000,  0.3000)
   Mode, Frequency 
      1     54.2517 cm^-1  (      1.6264 THz )
      2     54.2517 cm^-1  (      1.6264 THz )
      3    155.0497 cm^-1  (      4.6483 THz )
      4    271.1453 cm^-1  (      8.1287 THz )
      5    282.7831 cm^-1  (      8.4776 THz )
      6    282.7831 cm^-1  (      8.4776 THz )

 # Irred. k point    5 : (  0.0000,  0.0000,  0.4000)
   Mode, Frequency 
      1     58.1006 cm^-1  (      1.7418 THz )
      2     58.1006 cm^-1  (      1.7418 THz )
      3    191.5807 cm^-1  (      5.7434 THz )
      4    253.8100 cm^-1  (      7.6090 THz )
      5    282.5827 cm^-1  (      8.4716 THz )
      6    282.5827 cm^-1  (      8.4716 THz )

 # Irred. k point    6 : (  0.0000,  0.0000, -0.5000)
   Mode, Frequency 
      1     59.1504 cm^-1  (      1.7733 THz )
      2     59.1504 cm^-1  (      1.7733 THz )
      3    211.7489 cm^-1  (      6.3481 THz )
      4    237.0364 cm^-1  (      7.1062 THz )
      5    282.7823 cm^-1  (      8.4776 THz )
      6    282.7823 cm^-1  (      8.4776 THz )

 # Irred. k point    7 : (  0.0000,  0.1000,  0.1000)
   Mode, Frequency 
      1     36.3658 cm^-1  (      1.0902 THz )
      2     36.3658 cm^-1  (      1.0902 THz )
      3     56.5158 cm^-1  (      1.6943 THz )
      4    283.5357 cm^-1  (      8.5002 THz )
      5    283.5357 cm^-1  (      8.5002 THz )
      6    289.2780 cm^-1  (      8.6723 THz )

 # Irred. k point    8 : (  0.0000,  0.1000,  0.2000)
   Mode, Frequency 
      1     50.6462 cm^-1  (      1.5183 THz )
      2     54.0793 cm^-1  (      1.6213 THz )
      3     94.0496 cm^-1  (      2.8195 THz )
      4    279.8310 cm^-1  (      8.3891 THz )
      5    280.9455 cm^-1  (      8.4225 THz )
      6    288.4663 cm^-1  (      8.6480 THz )

 # Irred. k point    9 : (  0.0000,  0.1000,  0.3000)
   Mode, Frequency 
      1     57.7718 cm^-1  (      1.7320 THz )
      2     66.7436 cm^-1  (      2.0009 THz )
      3    137.2224 cm^-1  (      4.1138 THz )
      4    271.0987 cm^-1  (      8.1273 THz )
      5    278.4903 cm^-1  (      8.3489 THz )
      6    284.1642 cm^-1  (      8.5190 THz )

 # Irred. k point   10 : (  0.0000,  0.1000,  0.4000)
   Mode, Frequency 
      1     61.5871 cm^-1  (      1.8463 THz )
      2     72.3552 cm^-1  (      2.1692 THz )
      3    174.5982 cm^-1  (      5.2343 THz )
      4    255.3396 cm^-1  (      7.6549 THz )
      5    278.0483 cm^-1  (      8.3357 THz )
      6    281.9432 cm^-1  (      8.4524 THz )

 # Irred. k point   11 : (  0.0000,  0.1000, -0.5000)
   Mode, Frequency 
      1     63.8757 cm^-1  (      1.9149 THz )
      2     74.6059 cm^-1  (      2.2366 THz )
      3    198.8431 cm^-1  (      5.9612 THz )
      4    237.3220 cm^-1  (      7.1147 THz )
      5    278.6873 cm^-1  (      8.3548 THz )
      6    281.6058 cm^-1  (      8.4423 THz )

 # Irred. k point   12 : (  0.0000,  0.1000, -0.4000)
   Mode, Frequency 
      1     64.3152 cm^-1  (      1.9281 THz )
      2     73.7043 cm^-1  (      2.2096 THz )
      3    193.0900 cm^-1  (      5.7887 THz )
      4    241.4258 cm^-1  (      7.2378 THz )
      5    279.1210 cm^-1  (      8.3678 THz )
      6    281.5605 cm^-1  (      8.4410 THz )

 # Irred. k point   13 : (  0.0000,  0.1000, -0.3000)
   Mode, Frequency 
      1     62.0877 cm^-1  (      1.8613 THz )
      2     70.2640 cm^-1  (      2.1065 THz )
      3    163.1709 cm^-1  (      4.8917 THz )
      4    258.2687 cm^-1  (      7.7427 THz )
      5    279.9161 cm^-1  (      8.3917 THz )
      6    282.1580 cm^-1  (      8.4589 THz )

 # Irred. k point   14 : (  0.0000,  0.1000, -0.2000)
   Mode, Frequency 
      1     54.3492 cm^-1  (      1.6293 THz )
      2     66.1384 cm^-1  (      1.9828 THz )
      3    121.7973 cm^-1  (      3.6514 THz )
      4    271.0533 cm^-1  (      8.1260 THz )
      5    283.4494 cm^-1  (      8.4976 THz )
      6    283.5174 cm^-1  (      8.4996 THz )

 # Irred. k point   15 : (  0.0000,  0.1000, -0.1000)
   Mode, Frequency 
      1     39.8922 cm^-1  (      1.1959 THz )
      2     52.6757 cm^-1  (      1.5792 THz )
      3     80.4735 cm^-1  (      2.4125 THz )
      4    281.0172 cm^-1  (      8.4247 THz )
      5    283.8963 cm^-1  (      8.5110 THz )
      6    287.2244 cm^-1  (      8.6108 THz )

 # Irred. k point   16 : (  0.0000,  0.2000,  0.2000)
   Mode, Frequency 
      1     61.5374 cm^-1  (      1.8448 THz )
      2     61.5374 cm^-1  (      1.8448 THz )
      3    109.6176 cm^-1  (      3.2863 THz )
      4    276.6850 cm^-1  (      8.2948 THz )
      5    276.6850 cm^-1  (      8.2948 THz )
      6    290.2169 cm^-1  (      8.7005 THz )

 # Irred. k point   17 : (  0.0000,  0.2000,  0.3000)
   Mode, Frequency 
      1     66.9400 cm^-1  (      2.0068 THz )
      2     76.0973 cm^-1  (      2.2813 THz )
      3    135.6018 cm^-1  (      4.0652 THz )
      4    270.5226 cm^-1  (      8.1101 THz )
      5    273.1282 cm^-1  (      8.1882 THz )
      6    283.7527 cm^-1  (      8.5067 THz )

 # Irred. k point   18 : (  0.0000,  0.2000,  0.4000)
   Mode, Frequency 
      1     69.3053 cm^-1  (      2.0777 THz )
      2     91.2813 cm^-1  (      2.7365 THz )
      3    159.9798 cm^-1  (      4.7961 THz )
      4    254.7206 cm^-1  (      7.6363 THz )
      5    271.4938 cm^-1  (      8.1392 THz )
      6    278.8083 cm^-1  (      8.3585 THz )

 # Irred. k point   19 : (  0.0000,  0.2000, -0.5000)
   Mode, Frequency 
      1     71.6594 cm^-1  (      2.1483 THz )
      2     99.2741 cm^-1  (      2.9762 THz )
      3    179.6239 cm^-1  (      5.3850 THz )
      4    236.2505 cm^-1  (      7.0826 THz )
      5    271.7152 cm^-1  (      8.1458 THz )
      6    278.7636 cm^-1  (      8.3571 THz )

 # Irred. k point   20 : (  0.0000,  0.2000, -0.4000)
   Mode, Frequency 
      1     72.8171 cm^-1  (      2.1830 THz )
      2    101.2309 cm^-1  (      3.0348 THz )
      3    184.3703 cm^-1  (      5.5273 THz )
      4    229.1430 cm^-1  (      6.8695 THz )
      5    272.2828 cm^-1  (      8.1628 THz )
      6    280.2916 cm^-1  (      8.4029 THz )

 # Irred. k point   21 : (  0.0000,  0.2000, -0.3000)
   Mode, Frequency 
      1     72.1052 cm^-1  (      2.1617 THz )
      2     97.9255 cm^-1  (      2.9357 THz )
      3    165.8837 cm^-1  (      4.9731 THz )
      4    238.8017 cm^-1  (      7.1591 THz )
      5    273.0362 cm^-1  (      8.1854 THz )
      6    281.6637 cm^-1  (      8.4441 THz )

 # Irred. k point   22 : (  0.0000,  0.2000, -0.2000)
   Mode, Frequency 
      1     66.1809 cm^-1  (      1.9841 THz )
      2     89.5960 cm^-1  (      2.6860 THz )
      3    138.3758 cm^-1  (      4.1484 THz )
      4    253.8762 cm^-1  (      7.6110 THz )
      5    276.9508 cm^-1  (      8.3028 THz )
      6    283.2579 cm^-1  (      8.4919 THz )

 # Irred. k point   23 : (  0.0000,  0.3000,  0.3000)
   Mode, Frequency 
      1     71.7473 cm^-1  (      2.1509 THz )
      2     71.7473 cm^-1  (      2.1509 THz )
      3    158.9741 cm^-1  (      4.7659 THz )
      4    269.7017 cm^-1  (      8.0855 THz )
      5    269.7017 cm^-1  (      8.0855 THz )
      6    279.1437 cm^-1  (      8.3685 THz )

 # Irred. k point   24 : (  0.0000,  0.3000,  0.4000)
   Mode, Frequency 
      1     72.9934 cm^-1  (      2.1883 THz )
      2     82.6031 cm^-1  (      2.4764 THz )
      3    177.5890 cm^-1  (      5.3240 THz )
      4    259.1240 cm^-1  (      7.7683 THz )
      5    268.0920 cm^-1  (      8.0372 THz )
      6    273.3739 cm^-1  (      8.1955 THz )

 # Irred. k point   25 : (  0.0000,  0.3000, -0.5000)
   Mode, Frequency 
      1     74.9358 cm^-1  (      2.2465 THz )
      2    100.8004 cm^-1  (      3.0219 THz )
      3    187.0934 cm^-1  (      5.6089 THz )
      4    237.5489 cm^-1  (      7.1215 THz )
      5    268.0678 cm^-1  (      8.0365 THz )
      6    274.6535 cm^-1  (      8.2339 THz )

 # Irred. k point   26 : (  0.0000,  0.3000, -0.4000)
   Mode, Frequency 
      1     76.4003 cm^-1  (      2.2904 THz )
      2    111.1150 cm^-1  (      3.3311 THz )
      3    192.9426 cm^-1  (      5.7843 THz )
      4    220.0834 cm^-1  (      6.5979 THz )
      5    268.6989 cm^-1  (      8.0554 THz )
      6    278.2559 cm^-1  (      8.3419 THz )

 # Irred. k point   27 : (  0.0000,  0.3000, -0.3000)
   Mode, Frequency 
      1     76.3618 cm^-1  (      2.2893 THz )
      2    111.0325 cm^-1  (      3.3287 THz )
      3    180.6723 cm^-1  (      5.4164 THz )
      4    224.1046 cm^-1  (      6.7185 THz )
      5    269.5906 cm^-1  (      8.0821 THz )
      6    280.6795 cm^-1  (      8.4146 THz )

 # Irred. k point   28 : (  0.0000,  0.4000,  0.4000)
   Mode, Frequency 
      1     72.8484 cm^-1  (      2.1839 THz )
      2     72.8484 cm^-1  (      2.1839 THz )
      3    202.1509 cm^-1  (      6.0603 THz )
      4    259.3677 cm^-1  (      7.7756 THz )
      5    267.1439 cm^-1  (      8.0088 THz )
      6    267.1439 cm^-1  (      8.0088 THz )

 # Irred. k point   29 : (  0.0000,  0.4000, -0.5000)
   Mode, Frequency 
      1     73.8154 cm^-1  (      2.2129 THz )
      2     83.2890 cm^-1  (      2.4969 THz )
      3    213.8285 cm^-1  (      6.4104 THz )
      4    240.7636 cm^-1  (      7.2179 THz )
      5    267.2172 cm^-1  (      8.0110 THz )
      6    269.8038 cm^-1  (      8.0885 THz )

 # Irred. k point   30 : (  0.0000,  0.4000, -0.4000)
   Mode, Frequency 
      1     75.9108 cm^-1  (      2.2757 THz )
      2    102.2858 cm^-1  (      3.0665 THz )
      3    215.0147 cm^-1  (      6.4460 THz )
      4    216.3500 cm^-1  (      6.4860 THz )
      5    267.6262 cm^-1  (      8.0232 THz )
      6    274.3570 cm^-1  (      8.2250 THz )

 # Irred. k point   31 : (  0.0000, -0.5000, -0.5000)
   Mode, Frequency 
      1     72.5442 cm^-1  (      2.1748 THz )
      2     72.5442 cm^-1  (      2.1748 THz )
      3    234.9978 cm^-1  (      7.0451 THz )
      4    234.9978 cm^-1  (      7.0451 THz )
      5    267.1948 cm^-1  (      8.0103 THz )
      6    267.1948 cm^-1  (      8.0103 THz )

 # Irred. k point   32 : (  0.1000,  0.2000,  0.3000)
   Mode, Frequency 
      1     62.4219 cm^-1  (      1.8714 THz )
      2     72.2566 cm^-1  (      2.1662 THz )
      3    116.9962 cm^-1  (      3.5075 THz )
      4    270.4007 cm^-1  (      8.1064 THz )
      5    280.3855 cm^-1  (      8.4057 THz )
      6    284.5180 cm^-1  (      8.5296 THz )

 # Irred. k point   33 : (  0.1000,  0.2000,  0.4000)
   Mode, Frequency 
      1     70.4369 cm^-1  (      2.1116 THz )
      2     83.9401 cm^-1  (      2.5165 THz )
      3    147.1806 cm^-1  (      4.4124 THz )
      4    256.5024 cm^-1  (      7.6897 THz )
      5    277.0292 cm^-1  (      8.3051 THz )
      6    279.9950 cm^-1  (      8.3940 THz )

 # Irred. k point   34 : (  0.1000,  0.2000, -0.5000)
   Mode, Frequency 
      1     73.5364 cm^-1  (      2.2046 THz )
      2     89.9705 cm^-1  (      2.6972 THz )
      3    175.4028 cm^-1  (      5.2584 THz )
      4    240.5574 cm^-1  (      7.2117 THz )
      5    274.8916 cm^-1  (      8.2410 THz )
      6    278.8555 cm^-1  (      8.3599 THz )

 # Irred. k point   35 : (  0.1000,  0.2000, -0.4000)
   Mode, Frequency 
      1     74.3260 cm^-1  (      2.2282 THz )
      2     92.3048 cm^-1  (      2.7672 THz )
      3    188.2889 cm^-1  (      5.6448 THz )
      4    230.8647 cm^-1  (      6.9211 THz )
      5    274.7786 cm^-1  (      8.2377 THz )
      6    278.8059 cm^-1  (      8.3584 THz )

 # Irred. k point   36 : (  0.1000,  0.3000,  0.4000)
   Mode, Frequency 
      1     78.7036 cm^-1  (      2.3595 THz )
      2     81.4363 cm^-1  (      2.4414 THz )
      3    155.1337 cm^-1  (      4.6508 THz )
      4    259.4592 cm^-1  (      7.7784 THz )
      5    272.2966 cm^-1  (      8.1632 THz )
      6    276.7644 cm^-1  (      8.2972 THz )

 # Irred. k point   37 : (  0.1000,  0.3000, -0.5000)
   Mode, Frequency 
      1     81.7545 cm^-1  (      2.4509 THz )
      2     97.7693 cm^-1  (      2.9310 THz )
      3    170.7991 cm^-1  (      5.1204 THz )
      4    241.6437 cm^-1  (      7.2443 THz )
      5    270.7131 cm^-1  (      8.1158 THz )
      6    274.2472 cm^-1  (      8.2217 THz )

 # Irred. k point   38 : (  0.1000,  0.3000, -0.4000)
   Mode, Frequency 
      1     83.1718 cm^-1  (      2.4934 THz )
      2    106.6904 cm^-1  (      3.1985 THz )
      3    183.1024 cm^-1  (      5.4893 THz )
      4    225.2642 cm^-1  (      6.7533 THz )
      5    270.3832 cm^-1  (      8.1059 THz )
      6    275.6814 cm^-1  (      8.2647 THz )

 # Irred. k point   39 : (  0.1000,  0.3000, -0.3000)
   Mode, Frequency 
      1     83.1326 cm^-1  (      2.4923 THz )
      2    107.3285 cm^-1  (      3.2176 THz )
      3    179.4624 cm^-1  (      5.3801 THz )
      4    225.1835 cm^-1  (      6.7508 THz )
      5    270.6601 cm^-1  (      8.1142 THz )
      6    277.2143 cm^-1  (      8.3107 THz )

 # Irred. k point   40 : (  0.1000,  0.3000, -0.2000)
   Mode, Frequency 
      1     80.5238 cm^-1  (      2.4140 THz )
      2    100.2522 cm^-1  (      3.0055 THz )
      3    160.9321 cm^-1  (      4.8246 THz )
      4    239.1043 cm^-1  (      7.1682 THz )
      5    272.3793 cm^-1  (      8.1657 THz )
      6    278.0878 cm^-1  (      8.3369 THz )

 # Irred. k point   41 : (  0.1000,  0.4000, -0.5000)
   Mode, Frequency 
      1     82.2256 cm^-1  (      2.4651 THz )
      2     85.2184 cm^-1  (      2.5548 THz )
      3    192.1710 cm^-1  (      5.7611 THz )
      4    245.0772 cm^-1  (      7.3472 THz )
      5    268.2249 cm^-1  (      8.0412 THz )
      6    270.7227 cm^-1  (      8.1161 THz )

 # Irred. k point   42 : (  0.1000,  0.4000, -0.4000)
   Mode, Frequency 
      1     85.1309 cm^-1  (      2.5522 THz )
      2    102.1731 cm^-1  (      3.0631 THz )
      3    198.2289 cm^-1  (      5.9428 THz )
      4    223.2601 cm^-1  (      6.6932 THz )
      5    268.3165 cm^-1  (      8.0439 THz )
      6    272.3432 cm^-1  (      8.1646 THz )

 # Irred. k point   43 : (  0.1000,  0.4000, -0.3000)
   Mode, Frequency 
      1     85.4929 cm^-1  (      2.5630 THz )
      2    111.2994 cm^-1  (      3.3367 THz )
      3    196.0467 cm^-1  (      5.8773 THz )
      4    212.3111 cm^-1  (      6.3649 THz )
      5    268.6609 cm^-1  (      8.0543 THz )
      6    275.4281 cm^-1  (      8.2571 THz )

 # Irred. k point   44 : (  0.1000, -0.5000, -0.4000)
   Mode, Frequency 
      1     84.2117 cm^-1  (      2.5246 THz )
      2     84.2117 cm^-1  (      2.5246 THz )
      3    222.7783 cm^-1  (      6.6787 THz )
      4    222.7783 cm^-1  (      6.6787 THz )
      5    268.9006 cm^-1  (      8.0614 THz )
      6    268.9006 cm^-1  (      8.0614 THz )

 # Irred. k point   45 : (  0.2000,  0.4000, -0.4000)
   Mode, Frequency 
      1     94.2270 cm^-1  (      2.8249 THz )
      2    104.5039 cm^-1  (      3.1329 THz )
      3    181.3324 cm^-1  (      5.4362 THz )
      4    223.9021 cm^-1  (      6.7124 THz )
      5    270.3928 cm^-1  (      8.1062 THz )
      6    271.4792 cm^-1  (      8.1387 THz )

 # Irred. k point   46 : (  0.2000,  0.4000, -0.3000)
   Mode, Frequency 
      1     96.7752 cm^-1  (      2.9012 THz )
      2    108.7938 cm^-1  (      3.2616 THz )
      3    190.0166 cm^-1  (      5.6966 THz )
      4    211.7068 cm^-1  (      6.3468 THz )
      5    269.4258 cm^-1  (      8.0772 THz )
      6    271.6092 cm^-1  (      8.1426 THz )

 # Irred. k point   47 : (  0.2000, -0.5000, -0.3000)
   Mode, Frequency 
      1    101.9287 cm^-1  (      3.0557 THz )
      2    101.9287 cm^-1  (      3.0557 THz )
      3    203.5749 cm^-1  (      6.1030 THz )
      4    203.5749 cm^-1  (      6.1030 THz )
      5    269.4163 cm^-1  (      8.0769 THz )
      6    269.4163 cm^-1  (      8.0769 THz )



 -----------------------------------------------------------------

 The following files are created: 
  ge_10x10x10.phvel_all   : Phonon velocity at all k points
  ge_10x10x10.dos         : Phonon DOS
  ge_10x10x10.thermo      : Thermodynamic quantities

 Job finished at Fri Sep  3 09:30:40 2021

